{"C:\\projects\\app-translator\\src\\index.ts": {"path":"C:\\projects\\app-translator\\src\\index.ts","statementMap":{"0":{"start":{"line":1,"column":0},"end":{"line":1,"column":16}},"1":{"start":{"line":2,"column":0},"end":{"line":2,"column":22}},"2":{"start":{"line":3,"column":0},"end":{"line":3,"column":24}},"3":{"start":{"line":4,"column":0},"end":{"line":4,"column":34}},"4":{"start":{"line":5,"column":0},"end":{"line":5,"column":29}},"5":{"start":{"line":6,"column":0},"end":{"line":6,"column":32}},"6":{"start":{"line":7,"column":0},"end":{"line":7,"column":29}},"7":{"start":{"line":8,"column":0},"end":{"line":8,"column":30}},"8":{"start":{"line":9,"column":0},"end":{"line":9,"column":24}},"9":{"start":{"line":10,"column":0},"end":{"line":10,"column":47}},"10":{"start":{"line":11,"column":0},"end":{"line":11,"column":18}},"11":{"start":{"line":12,"column":0},"end":{"line":12,"column":15}},"12":{"start":{"line":13,"column":0},"end":{"line":13,"column":22}},"13":{"start":{"line":14,"column":0},"end":{"line":14,"column":40}},"14":{"start":{"line":15,"column":0},"end":{"line":15,"column":39}},"15":{"start":{"line":16,"column":0},"end":{"line":16,"column":30}},"16":{"start":{"line":17,"column":0},"end":{"line":17,"column":14}},"17":{"start":{"line":18,"column":0},"end":{"line":18,"column":10}},"18":{"start":{"line":19,"column":0},"end":{"line":19,"column":5}},"19":{"start":{"line":20,"column":0},"end":{"line":20,"column":1}},"20":{"start":{"line":21,"column":0},"end":{"line":21,"column":33}},"21":{"start":{"line":22,"column":0},"end":{"line":22,"column":28}},"22":{"start":{"line":23,"column":0},"end":{"line":23,"column":40}},"23":{"start":{"line":24,"column":0},"end":{"line":24,"column":24}},"24":{"start":{"line":25,"column":0},"end":{"line":25,"column":24}}},"s":{"0":1,"1":1,"2":1,"3":1,"4":1,"5":1,"6":1,"7":1,"8":1,"9":1,"10":1,"11":1,"12":1,"13":1,"14":1,"15":1,"16":1,"17":1,"18":1,"19":1,"20":1,"21":1,"22":1,"23":1,"24":1},"branchMap":{"0":{"type":"branch","line":25,"loc":{"start":{"line":25,"column":24},"end":{"line":25,"column":24}},"locations":[{"start":{"line":25,"column":24},"end":{"line":25,"column":24}}]},"1":{"type":"branch","line":25,"loc":{"start":{"line":25,"column":24},"end":{"line":25,"column":24}},"locations":[{"start":{"line":25,"column":24},"end":{"line":25,"column":24}}]},"2":{"type":"branch","line":25,"loc":{"start":{"line":25,"column":24},"end":{"line":25,"column":24}},"locations":[{"start":{"line":25,"column":24},"end":{"line":25,"column":24}}]}},"b":{"0":[5],"1":[20],"2":[41]},"fnMap":{"0":{"name":"__export","decl":{"start":{"line":25,"column":24},"end":{"line":25,"column":24}},"loc":{"start":{"line":25,"column":24},"end":{"line":25,"column":24}},"line":25}},"f":{"0":20}}
,"C:\\projects\\app-translator\\src\\initTranslator.ts": {"path":"C:\\projects\\app-translator\\src\\initTranslator.ts","statementMap":{"0":{"start":{"line":1,"column":0},"end":{"line":1,"column":37}},"1":{"start":{"line":2,"column":0},"end":{"line":2,"column":40}},"2":{"start":{"line":3,"column":0},"end":{"line":3,"column":59}},"3":{"start":{"line":4,"column":0},"end":{"line":4,"column":0}},"4":{"start":{"line":5,"column":0},"end":{"line":5,"column":56}},"5":{"start":{"line":6,"column":0},"end":{"line":6,"column":26}},"6":{"start":{"line":7,"column":0},"end":{"line":7,"column":24}},"7":{"start":{"line":8,"column":0},"end":{"line":8,"column":15}},"8":{"start":{"line":9,"column":0},"end":{"line":9,"column":2}},"9":{"start":{"line":10,"column":0},"end":{"line":10,"column":0}},"10":{"start":{"line":11,"column":0},"end":{"line":11,"column":3}},"11":{"start":{"line":12,"column":0},"end":{"line":12,"column":28}},"12":{"start":{"line":13,"column":0},"end":{"line":13,"column":53}},"13":{"start":{"line":14,"column":0},"end":{"line":14,"column":51}},"14":{"start":{"line":15,"column":0},"end":{"line":15,"column":48}},"15":{"start":{"line":16,"column":0},"end":{"line":16,"column":3}},"16":{"start":{"line":17,"column":0},"end":{"line":17,"column":116}},"17":{"start":{"line":18,"column":0},"end":{"line":18,"column":80}},"18":{"start":{"line":19,"column":0},"end":{"line":19,"column":71}},"19":{"start":{"line":20,"column":0},"end":{"line":20,"column":0}},"20":{"start":{"line":21,"column":0},"end":{"line":21,"column":52}},"21":{"start":{"line":22,"column":0},"end":{"line":22,"column":16}},"22":{"start":{"line":23,"column":0},"end":{"line":23,"column":43}},"23":{"start":{"line":24,"column":0},"end":{"line":24,"column":45}},"24":{"start":{"line":25,"column":0},"end":{"line":25,"column":23}},"25":{"start":{"line":26,"column":0},"end":{"line":26,"column":10}},"26":{"start":{"line":27,"column":0},"end":{"line":27,"column":7}},"27":{"start":{"line":28,"column":0},"end":{"line":28,"column":0}},"28":{"start":{"line":29,"column":0},"end":{"line":29,"column":65}},"29":{"start":{"line":30,"column":0},"end":{"line":30,"column":20}},"30":{"start":{"line":31,"column":0},"end":{"line":31,"column":24}},"31":{"start":{"line":32,"column":0},"end":{"line":32,"column":7}},"32":{"start":{"line":33,"column":0},"end":{"line":33,"column":0}},"33":{"start":{"line":34,"column":0},"end":{"line":34,"column":37}},"34":{"start":{"line":35,"column":0},"end":{"line":35,"column":0}},"35":{"start":{"line":36,"column":0},"end":{"line":36,"column":57}},"36":{"start":{"line":37,"column":0},"end":{"line":37,"column":21}},"37":{"start":{"line":38,"column":0},"end":{"line":38,"column":135}},"38":{"start":{"line":39,"column":0},"end":{"line":39,"column":10}},"39":{"start":{"line":40,"column":0},"end":{"line":40,"column":0}},"40":{"start":{"line":41,"column":0},"end":{"line":41,"column":84}},"41":{"start":{"line":42,"column":0},"end":{"line":42,"column":22}},"42":{"start":{"line":43,"column":0},"end":{"line":43,"column":143}},"43":{"start":{"line":44,"column":0},"end":{"line":44,"column":10}},"44":{"start":{"line":45,"column":0},"end":{"line":45,"column":2}}},"s":{"0":1,"1":1,"2":1,"3":1,"4":1,"5":1,"6":1,"7":1,"8":1,"9":1,"10":1,"11":1,"12":1,"13":1,"14":1,"15":1,"16":1,"17":20,"18":20,"19":19,"20":19,"21":19,"22":19,"23":19,"24":19,"25":19,"26":19,"27":19,"28":19,"29":19,"30":19,"31":19,"32":19,"33":20,"34":18,"35":20,"36":20,"37":5,"38":5,"39":18,"40":20,"41":20,"42":1,"43":1,"44":20},"branchMap":{"0":{"type":"branch","line":45,"loc":{"start":{"line":45,"column":2},"end":{"line":45,"column":2}},"locations":[{"start":{"line":45,"column":2},"end":{"line":45,"column":2}}]},"1":{"type":"branch","line":17,"loc":{"start":{"line":17,"column":30},"end":{"line":45,"column":2}},"locations":[{"start":{"line":17,"column":30},"end":{"line":45,"column":2}}]},"2":{"type":"branch","line":18,"loc":{"start":{"line":18,"column":42},"end":{"line":18,"column":79}},"locations":[{"start":{"line":18,"column":42},"end":{"line":18,"column":79}}]},"3":{"type":"branch","line":19,"loc":{"start":{"line":19,"column":8},"end":{"line":19,"column":71}},"locations":[{"start":{"line":19,"column":8},"end":{"line":19,"column":71}}]},"4":{"type":"branch","line":19,"loc":{"start":{"line":19,"column":71},"end":{"line":34,"column":27}},"locations":[{"start":{"line":19,"column":71},"end":{"line":34,"column":27}}]},"5":{"type":"branch","line":34,"loc":{"start":{"line":34,"column":17},"end":{"line":34,"column":37}},"locations":[{"start":{"line":34,"column":17},"end":{"line":34,"column":37}}]},"6":{"type":"branch","line":34,"loc":{"start":{"line":34,"column":37},"end":{"line":36,"column":56}},"locations":[{"start":{"line":34,"column":37},"end":{"line":36,"column":56}}]},"7":{"type":"branch","line":37,"loc":{"start":{"line":37,"column":8},"end":{"line":39,"column":10}},"locations":[{"start":{"line":37,"column":8},"end":{"line":39,"column":10}}]},"8":{"type":"branch","line":39,"loc":{"start":{"line":39,"column":10},"end":{"line":41,"column":55}},"locations":[{"start":{"line":39,"column":10},"end":{"line":41,"column":55}}]},"9":{"type":"branch","line":41,"loc":{"start":{"line":41,"column":55},"end":{"line":41,"column":83}},"locations":[{"start":{"line":41,"column":55},"end":{"line":41,"column":83}}]},"10":{"type":"branch","line":42,"loc":{"start":{"line":42,"column":8},"end":{"line":44,"column":10}},"locations":[{"start":{"line":42,"column":8},"end":{"line":44,"column":10}}]}},"b":{"0":[5],"1":[20],"2":[1],"3":[1],"4":[19],"5":[2],"6":[18],"7":[5],"8":[18],"9":[13],"10":[1]},"fnMap":{"0":{"name":"exports.initTranslator","decl":{"start":{"line":17,"column":30},"end":{"line":45,"column":2}},"loc":{"start":{"line":17,"column":30},"end":{"line":45,"column":2}},"line":17}},"f":{"0":20}}
,"C:\\projects\\app-translator\\src\\translate.ts": {"path":"C:\\projects\\app-translator\\src\\translate.ts","statementMap":{"0":{"start":{"line":1,"column":0},"end":{"line":1,"column":52}},"1":{"start":{"line":2,"column":0},"end":{"line":2,"column":0}},"2":{"start":{"line":3,"column":0},"end":{"line":3,"column":3}},"3":{"start":{"line":4,"column":0},"end":{"line":4,"column":60}},"4":{"start":{"line":5,"column":0},"end":{"line":5,"column":44}},"5":{"start":{"line":6,"column":0},"end":{"line":6,"column":48}},"6":{"start":{"line":7,"column":0},"end":{"line":7,"column":97}},"7":{"start":{"line":8,"column":0},"end":{"line":8,"column":3}},"8":{"start":{"line":9,"column":0},"end":{"line":9,"column":93}},"9":{"start":{"line":10,"column":0},"end":{"line":10,"column":17}},"10":{"start":{"line":11,"column":0},"end":{"line":11,"column":0}},"11":{"start":{"line":12,"column":0},"end":{"line":12,"column":11}},"12":{"start":{"line":13,"column":0},"end":{"line":13,"column":17}},"13":{"start":{"line":14,"column":0},"end":{"line":14,"column":57}},"14":{"start":{"line":15,"column":0},"end":{"line":15,"column":29}},"15":{"start":{"line":16,"column":0},"end":{"line":16,"column":0}},"16":{"start":{"line":17,"column":0},"end":{"line":17,"column":47}},"17":{"start":{"line":18,"column":0},"end":{"line":18,"column":0}},"18":{"start":{"line":19,"column":0},"end":{"line":19,"column":76}},"19":{"start":{"line":20,"column":0},"end":{"line":20,"column":0}},"20":{"start":{"line":21,"column":0},"end":{"line":21,"column":22}},"21":{"start":{"line":22,"column":0},"end":{"line":22,"column":43}},"22":{"start":{"line":23,"column":0},"end":{"line":23,"column":71}},"23":{"start":{"line":24,"column":0},"end":{"line":24,"column":29}},"24":{"start":{"line":25,"column":0},"end":{"line":25,"column":5}},"25":{"start":{"line":26,"column":0},"end":{"line":26,"column":0}},"26":{"start":{"line":27,"column":0},"end":{"line":27,"column":19}},"27":{"start":{"line":28,"column":0},"end":{"line":28,"column":0}},"28":{"start":{"line":29,"column":0},"end":{"line":29,"column":25}},"29":{"start":{"line":30,"column":0},"end":{"line":30,"column":40}},"30":{"start":{"line":31,"column":0},"end":{"line":31,"column":45}},"31":{"start":{"line":32,"column":0},"end":{"line":32,"column":69}},"32":{"start":{"line":33,"column":0},"end":{"line":33,"column":51}},"33":{"start":{"line":34,"column":0},"end":{"line":34,"column":22}},"34":{"start":{"line":35,"column":0},"end":{"line":35,"column":13}},"35":{"start":{"line":36,"column":0},"end":{"line":36,"column":9}},"36":{"start":{"line":37,"column":0},"end":{"line":37,"column":57}},"37":{"start":{"line":38,"column":0},"end":{"line":38,"column":0}},"38":{"start":{"line":39,"column":0},"end":{"line":39,"column":35}},"39":{"start":{"line":40,"column":0},"end":{"line":40,"column":36}},"40":{"start":{"line":41,"column":0},"end":{"line":41,"column":17}},"41":{"start":{"line":42,"column":0},"end":{"line":42,"column":25}},"42":{"start":{"line":43,"column":0},"end":{"line":43,"column":117}},"43":{"start":{"line":44,"column":0},"end":{"line":44,"column":14}},"44":{"start":{"line":45,"column":0},"end":{"line":45,"column":5}},"45":{"start":{"line":46,"column":0},"end":{"line":46,"column":0}},"46":{"start":{"line":47,"column":0},"end":{"line":47,"column":105}},"47":{"start":{"line":48,"column":0},"end":{"line":48,"column":2}},"48":{"start":{"line":49,"column":0},"end":{"line":49,"column":0}},"49":{"start":{"line":50,"column":0},"end":{"line":50,"column":3}},"50":{"start":{"line":51,"column":0},"end":{"line":51,"column":60}},"51":{"start":{"line":52,"column":0},"end":{"line":52,"column":44}},"52":{"start":{"line":53,"column":0},"end":{"line":53,"column":48}},"53":{"start":{"line":54,"column":0},"end":{"line":54,"column":97}},"54":{"start":{"line":55,"column":0},"end":{"line":55,"column":3}},"55":{"start":{"line":56,"column":0},"end":{"line":56,"column":27}}},"s":{"0":1,"1":1,"2":1,"3":1,"4":1,"5":1,"6":1,"7":1,"8":1,"9":9,"10":9,"11":9,"12":9,"13":9,"14":9,"15":9,"16":9,"17":9,"18":9,"19":7,"20":9,"21":1,"22":1,"23":1,"24":1,"25":6,"26":6,"27":6,"28":9,"29":0,"30":0,"31":0,"32":0,"33":0,"34":0,"35":0,"36":9,"37":6,"38":9,"39":3,"40":3,"41":3,"42":3,"43":3,"44":3,"45":6,"46":9,"47":9,"48":1,"49":1,"50":1,"51":1,"52":1,"53":1,"54":1,"55":1},"branchMap":{"0":{"type":"branch","line":56,"loc":{"start":{"line":56,"column":27},"end":{"line":56,"column":27}},"locations":[{"start":{"line":56,"column":27},"end":{"line":56,"column":27}}]},"1":{"type":"branch","line":9,"loc":{"start":{"line":9,"column":25},"end":{"line":48,"column":2}},"locations":[{"start":{"line":9,"column":25},"end":{"line":48,"column":2}}]},"2":{"type":"branch","line":19,"loc":{"start":{"line":19,"column":43},"end":{"line":19,"column":76}},"locations":[{"start":{"line":19,"column":43},"end":{"line":19,"column":76}}]},"3":{"type":"branch","line":19,"loc":{"start":{"line":19,"column":76},"end":{"line":21,"column":21}},"locations":[{"start":{"line":19,"column":76},"end":{"line":21,"column":21}}]},"4":{"type":"branch","line":21,"loc":{"start":{"line":21,"column":21},"end":{"line":25,"column":5}},"locations":[{"start":{"line":21,"column":21},"end":{"line":25,"column":5}}]},"5":{"type":"branch","line":23,"loc":{"start":{"line":23,"column":12},"end":{"line":23,"column":71}},"locations":[{"start":{"line":23,"column":12},"end":{"line":23,"column":71}}]},"6":{"type":"branch","line":25,"loc":{"start":{"line":25,"column":5},"end":{"line":29,"column":24}},"locations":[{"start":{"line":25,"column":5},"end":{"line":29,"column":24}}]},"7":{"type":"branch","line":29,"loc":{"start":{"line":29,"column":24},"end":{"line":37,"column":11}},"locations":[{"start":{"line":29,"column":24},"end":{"line":37,"column":11}}]},"8":{"type":"branch","line":37,"loc":{"start":{"line":37,"column":5},"end":{"line":39,"column":34}},"locations":[{"start":{"line":37,"column":5},"end":{"line":39,"column":34}}]},"9":{"type":"branch","line":39,"loc":{"start":{"line":39,"column":34},"end":{"line":45,"column":5}},"locations":[{"start":{"line":39,"column":34},"end":{"line":45,"column":5}}]},"10":{"type":"branch","line":45,"loc":{"start":{"line":45,"column":5},"end":{"line":47,"column":25}},"locations":[{"start":{"line":45,"column":5},"end":{"line":47,"column":25}}]},"11":{"type":"branch","line":47,"loc":{"start":{"line":47,"column":21},"end":{"line":47,"column":39}},"locations":[{"start":{"line":47,"column":21},"end":{"line":47,"column":39}}]},"12":{"type":"branch","line":47,"loc":{"start":{"line":47,"column":40},"end":{"line":47,"column":91}},"locations":[{"start":{"line":47,"column":40},"end":{"line":47,"column":91}}]},"13":{"type":"branch","line":47,"loc":{"start":{"line":47,"column":92},"end":{"line":47,"column":104}},"locations":[{"start":{"line":47,"column":92},"end":{"line":47,"column":104}}]}},"b":{"0":[5],"1":[9],"2":[1],"3":[7],"4":[1],"5":[0],"6":[6],"7":[0],"8":[6],"9":[3],"10":[6],"11":[4],"12":[3],"13":[3]},"fnMap":{"0":{"name":"exports.translate","decl":{"start":{"line":9,"column":25},"end":{"line":48,"column":2}},"loc":{"start":{"line":9,"column":25},"end":{"line":48,"column":2}},"line":9}},"f":{"0":9}}
,"C:\\projects\\app-translator\\src\\tryUseBrowserLanguage.ts": {"path":"C:\\projects\\app-translator\\src\\tryUseBrowserLanguage.ts","statementMap":{"0":{"start":{"line":1,"column":0},"end":{"line":1,"column":37}},"1":{"start":{"line":2,"column":0},"end":{"line":2,"column":0}},"2":{"start":{"line":3,"column":0},"end":{"line":3,"column":3}},"3":{"start":{"line":4,"column":0},"end":{"line":4,"column":48}},"4":{"start":{"line":5,"column":0},"end":{"line":5,"column":134}},"5":{"start":{"line":6,"column":0},"end":{"line":6,"column":3}},"6":{"start":{"line":7,"column":0},"end":{"line":7,"column":59}},"7":{"start":{"line":8,"column":0},"end":{"line":8,"column":17}},"8":{"start":{"line":9,"column":0},"end":{"line":9,"column":0}},"9":{"start":{"line":10,"column":0},"end":{"line":10,"column":11}},"10":{"start":{"line":11,"column":0},"end":{"line":11,"column":19}},"11":{"start":{"line":12,"column":0},"end":{"line":12,"column":26}},"12":{"start":{"line":13,"column":0},"end":{"line":13,"column":29}},"13":{"start":{"line":14,"column":0},"end":{"line":14,"column":0}},"14":{"start":{"line":15,"column":0},"end":{"line":15,"column":22}},"15":{"start":{"line":16,"column":0},"end":{"line":16,"column":79}},"16":{"start":{"line":17,"column":0},"end":{"line":17,"column":20}},"17":{"start":{"line":18,"column":0},"end":{"line":18,"column":5}},"18":{"start":{"line":19,"column":0},"end":{"line":19,"column":0}},"19":{"start":{"line":20,"column":0},"end":{"line":20,"column":65}},"20":{"start":{"line":21,"column":0},"end":{"line":21,"column":0}},"21":{"start":{"line":22,"column":0},"end":{"line":22,"column":44}},"22":{"start":{"line":23,"column":0},"end":{"line":23,"column":23}},"23":{"start":{"line":24,"column":0},"end":{"line":24,"column":61}},"24":{"start":{"line":25,"column":0},"end":{"line":25,"column":79}},"25":{"start":{"line":26,"column":0},"end":{"line":26,"column":6}},"26":{"start":{"line":27,"column":0},"end":{"line":27,"column":0}},"27":{"start":{"line":28,"column":0},"end":{"line":28,"column":27}},"28":{"start":{"line":29,"column":0},"end":{"line":29,"column":17}},"29":{"start":{"line":30,"column":0},"end":{"line":30,"column":25}},"30":{"start":{"line":31,"column":0},"end":{"line":31,"column":125}},"31":{"start":{"line":32,"column":0},"end":{"line":32,"column":14}},"32":{"start":{"line":33,"column":0},"end":{"line":33,"column":20}},"33":{"start":{"line":34,"column":0},"end":{"line":34,"column":5}},"34":{"start":{"line":35,"column":0},"end":{"line":35,"column":0}},"35":{"start":{"line":36,"column":0},"end":{"line":36,"column":57}},"36":{"start":{"line":37,"column":0},"end":{"line":37,"column":32}},"37":{"start":{"line":38,"column":0},"end":{"line":38,"column":2}}},"s":{"0":1,"1":1,"2":1,"3":1,"4":1,"5":1,"6":1,"7":5,"8":5,"9":5,"10":5,"11":5,"12":5,"13":5,"14":5,"15":0,"16":0,"17":0,"18":5,"19":5,"20":5,"21":5,"22":5,"23":8,"24":5,"25":5,"26":5,"27":5,"28":3,"29":3,"30":3,"31":3,"32":3,"33":3,"34":2,"35":2,"36":2,"37":2},"branchMap":{"0":{"type":"branch","line":38,"loc":{"start":{"line":38,"column":2},"end":{"line":38,"column":2}},"locations":[{"start":{"line":38,"column":2},"end":{"line":38,"column":2}}]},"1":{"type":"branch","line":7,"loc":{"start":{"line":7,"column":37},"end":{"line":38,"column":2}},"locations":[{"start":{"line":7,"column":37},"end":{"line":38,"column":2}}]},"2":{"type":"branch","line":15,"loc":{"start":{"line":15,"column":21},"end":{"line":18,"column":5}},"locations":[{"start":{"line":15,"column":21},"end":{"line":18,"column":5}}]},"3":{"type":"branch","line":28,"loc":{"start":{"line":28,"column":26},"end":{"line":34,"column":5}},"locations":[{"start":{"line":28,"column":26},"end":{"line":34,"column":5}}]},"4":{"type":"branch","line":34,"loc":{"start":{"line":34,"column":5},"end":{"line":38,"column":2}},"locations":[{"start":{"line":34,"column":5},"end":{"line":38,"column":2}}]},"5":{"type":"branch","line":23,"loc":{"start":{"line":23,"column":8},"end":{"line":25,"column":78}},"locations":[{"start":{"line":23,"column":8},"end":{"line":25,"column":78}}]},"6":{"type":"branch","line":24,"loc":{"start":{"line":24,"column":58},"end":{"line":25,"column":78}},"locations":[{"start":{"line":24,"column":58},"end":{"line":25,"column":78}}]}},"b":{"0":[5],"1":[5],"2":[0],"3":[3],"4":[2],"5":[8],"6":[7]},"fnMap":{"0":{"name":"exports.tryUseBrowserLanguage","decl":{"start":{"line":7,"column":37},"end":{"line":38,"column":2}},"loc":{"start":{"line":7,"column":37},"end":{"line":38,"column":2}},"line":7}},"f":{"0":5}}
,"C:\\projects\\app-translator\\src\\utils.ts": {"path":"C:\\projects\\app-translator\\src\\utils.ts","statementMap":{"0":{"start":{"line":1,"column":0},"end":{"line":1,"column":59}},"1":{"start":{"line":2,"column":0},"end":{"line":2,"column":39}},"2":{"start":{"line":3,"column":0},"end":{"line":3,"column":43}},"3":{"start":{"line":4,"column":0},"end":{"line":4,"column":87}},"4":{"start":{"line":5,"column":0},"end":{"line":5,"column":2}},"5":{"start":{"line":6,"column":0},"end":{"line":6,"column":0}},"6":{"start":{"line":7,"column":0},"end":{"line":7,"column":3}},"7":{"start":{"line":8,"column":0},"end":{"line":8,"column":36}},"8":{"start":{"line":9,"column":0},"end":{"line":9,"column":52}},"9":{"start":{"line":10,"column":0},"end":{"line":10,"column":61}},"10":{"start":{"line":11,"column":0},"end":{"line":11,"column":3}},"11":{"start":{"line":12,"column":0},"end":{"line":12,"column":76}},"12":{"start":{"line":13,"column":0},"end":{"line":13,"column":17}},"13":{"start":{"line":14,"column":0},"end":{"line":14,"column":12}},"14":{"start":{"line":15,"column":0},"end":{"line":15,"column":31}},"15":{"start":{"line":16,"column":0},"end":{"line":16,"column":119}},"16":{"start":{"line":17,"column":0},"end":{"line":17,"column":6}},"17":{"start":{"line":18,"column":0},"end":{"line":18,"column":2}},"18":{"start":{"line":19,"column":0},"end":{"line":19,"column":0}},"19":{"start":{"line":20,"column":0},"end":{"line":20,"column":3}},"20":{"start":{"line":21,"column":0},"end":{"line":21,"column":29}},"21":{"start":{"line":22,"column":0},"end":{"line":22,"column":70}},"22":{"start":{"line":23,"column":0},"end":{"line":23,"column":3}},"23":{"start":{"line":24,"column":0},"end":{"line":24,"column":71}},"24":{"start":{"line":25,"column":0},"end":{"line":25,"column":17}},"25":{"start":{"line":26,"column":0},"end":{"line":26,"column":81}},"26":{"start":{"line":27,"column":0},"end":{"line":27,"column":2}},"27":{"start":{"line":28,"column":0},"end":{"line":28,"column":0}},"28":{"start":{"line":29,"column":0},"end":{"line":29,"column":3}},"29":{"start":{"line":30,"column":0},"end":{"line":30,"column":30}},"30":{"start":{"line":31,"column":0},"end":{"line":31,"column":43}},"31":{"start":{"line":32,"column":0},"end":{"line":32,"column":3}},"32":{"start":{"line":33,"column":0},"end":{"line":33,"column":56}},"33":{"start":{"line":34,"column":0},"end":{"line":34,"column":17}},"34":{"start":{"line":35,"column":0},"end":{"line":35,"column":0}},"35":{"start":{"line":36,"column":0},"end":{"line":36,"column":34}},"36":{"start":{"line":37,"column":0},"end":{"line":37,"column":63}},"37":{"start":{"line":38,"column":0},"end":{"line":38,"column":89}},"38":{"start":{"line":39,"column":0},"end":{"line":39,"column":2}},"39":{"start":{"line":40,"column":0},"end":{"line":40,"column":0}},"40":{"start":{"line":41,"column":0},"end":{"line":41,"column":3}},"41":{"start":{"line":42,"column":0},"end":{"line":42,"column":36}},"42":{"start":{"line":43,"column":0},"end":{"line":43,"column":48}},"43":{"start":{"line":44,"column":0},"end":{"line":44,"column":3}},"44":{"start":{"line":45,"column":0},"end":{"line":45,"column":77}},"45":{"start":{"line":46,"column":0},"end":{"line":46,"column":17}},"46":{"start":{"line":47,"column":0},"end":{"line":47,"column":66}},"47":{"start":{"line":48,"column":0},"end":{"line":48,"column":0}},"48":{"start":{"line":49,"column":0},"end":{"line":49,"column":43}},"49":{"start":{"line":50,"column":0},"end":{"line":50,"column":41}},"50":{"start":{"line":51,"column":0},"end":{"line":51,"column":87}},"51":{"start":{"line":52,"column":0},"end":{"line":52,"column":9}},"52":{"start":{"line":53,"column":0},"end":{"line":53,"column":7}},"53":{"start":{"line":54,"column":0},"end":{"line":54,"column":0}},"54":{"start":{"line":55,"column":0},"end":{"line":55,"column":83}},"55":{"start":{"line":56,"column":0},"end":{"line":56,"column":2}}},"s":{"0":1,"1":1,"2":43,"3":43,"4":43,"5":1,"6":1,"7":1,"8":1,"9":1,"10":1,"11":1,"12":23,"13":23,"14":23,"15":23,"16":23,"17":23,"18":1,"19":1,"20":1,"21":1,"22":1,"23":1,"24":0,"25":0,"26":0,"27":1,"28":1,"29":1,"30":1,"31":1,"32":1,"33":2,"34":2,"35":2,"36":2,"37":2,"38":2,"39":1,"40":1,"41":1,"42":1,"43":1,"44":1,"45":4,"46":4,"47":4,"48":4,"49":4,"50":1,"51":1,"52":4,"53":4,"54":4,"55":4},"branchMap":{"0":{"type":"branch","line":56,"loc":{"start":{"line":56,"column":2},"end":{"line":56,"column":2}},"locations":[{"start":{"line":56,"column":2},"end":{"line":56,"column":2}}]},"1":{"type":"branch","line":2,"loc":{"start":{"line":2,"column":26},"end":{"line":5,"column":2}},"locations":[{"start":{"line":2,"column":26},"end":{"line":5,"column":2}}]},"2":{"type":"branch","line":4,"loc":{"start":{"line":4,"column":8},"end":{"line":4,"column":87}},"locations":[{"start":{"line":4,"column":8},"end":{"line":4,"column":87}}]},"3":{"type":"branch","line":12,"loc":{"start":{"line":12,"column":29},"end":{"line":18,"column":2}},"locations":[{"start":{"line":12,"column":29},"end":{"line":18,"column":2}}]},"4":{"type":"branch","line":16,"loc":{"start":{"line":16,"column":46},"end":{"line":16,"column":118}},"locations":[{"start":{"line":16,"column":46},"end":{"line":16,"column":118}}]},"5":{"type":"branch","line":33,"loc":{"start":{"line":33,"column":27},"end":{"line":39,"column":2}},"locations":[{"start":{"line":33,"column":27},"end":{"line":39,"column":2}}]},"6":{"type":"branch","line":38,"loc":{"start":{"line":38,"column":5},"end":{"line":38,"column":89}},"locations":[{"start":{"line":38,"column":5},"end":{"line":38,"column":89}}]},"7":{"type":"branch","line":45,"loc":{"start":{"line":45,"column":26},"end":{"line":56,"column":2}},"locations":[{"start":{"line":45,"column":26},"end":{"line":56,"column":2}}]},"8":{"type":"branch","line":49,"loc":{"start":{"line":49,"column":33},"end":{"line":53,"column":5}},"locations":[{"start":{"line":49,"column":33},"end":{"line":53,"column":5}}]},"9":{"type":"branch","line":50,"loc":{"start":{"line":50,"column":40},"end":{"line":52,"column":9}},"locations":[{"start":{"line":50,"column":40},"end":{"line":52,"column":9}}]}},"b":{"0":[5],"1":[43],"2":[0],"3":[23],"4":[28],"5":[2],"6":[0],"7":[4],"8":[4],"9":[1]},"fnMap":{"0":{"name":"exports._checkInit","decl":{"start":{"line":2,"column":26},"end":{"line":5,"column":2}},"loc":{"start":{"line":2,"column":26},"end":{"line":5,"column":2}},"line":2},"1":{"name":"exports.getDictionary","decl":{"start":{"line":12,"column":29},"end":{"line":18,"column":2}},"loc":{"start":{"line":12,"column":29},"end":{"line":18,"column":2}},"line":12},"2":{"name":"exports.getAvailableLanguages","decl":{"start":{"line":24,"column":37},"end":{"line":27,"column":2}},"loc":{"start":{"line":24,"column":37},"end":{"line":27,"column":2}},"line":24},"3":{"name":"exports.setLanguage","decl":{"start":{"line":33,"column":27},"end":{"line":39,"column":2}},"loc":{"start":{"line":33,"column":27},"end":{"line":39,"column":2}},"line":33},"4":{"name":"exports.setOptions","decl":{"start":{"line":45,"column":26},"end":{"line":56,"column":2}},"loc":{"start":{"line":45,"column":26},"end":{"line":56,"column":2}},"line":45}},"f":{"0":43,"1":23,"2":0,"3":2,"4":4}}
}
