TN:
SF:src\index.ts
FN:25,__export
FNF:1
FNH:1
FNDA:20,__export
DA:1,1
DA:2,1
DA:3,1
DA:4,1
DA:5,1
DA:6,1
DA:7,1
DA:8,1
DA:9,1
DA:10,1
DA:11,1
DA:12,1
DA:13,1
DA:14,1
DA:15,1
DA:16,1
DA:17,1
DA:18,1
DA:19,1
DA:20,1
DA:21,1
DA:22,1
DA:23,1
DA:24,1
DA:25,1
LF:25
LH:25
BRDA:25,0,0,5
BRDA:25,1,0,20
BRDA:25,2,0,41
BRF:3
BRH:3
end_of_record
TN:
SF:src\initTranslator.ts
FN:17,exports.initTranslator
FNF:1
FNH:1
FNDA:20,exports.initTranslator
DA:1,1
DA:2,1
DA:3,1
DA:4,1
DA:5,1
DA:6,1
DA:7,1
DA:8,1
DA:9,1
DA:10,1
DA:11,1
DA:12,1
DA:13,1
DA:14,1
DA:15,1
DA:16,1
DA:17,1
DA:18,20
DA:19,20
DA:20,19
DA:21,19
DA:22,19
DA:23,19
DA:24,19
DA:25,19
DA:26,19
DA:27,19
DA:28,19
DA:29,19
DA:30,19
DA:31,19
DA:32,19
DA:33,19
DA:34,20
DA:35,18
DA:36,20
DA:37,20
DA:38,5
DA:39,5
DA:40,18
DA:41,20
DA:42,20
DA:43,1
DA:44,1
DA:45,20
LF:45
LH:45
BRDA:45,0,0,5
BRDA:17,1,0,20
BRDA:18,2,0,1
BRDA:19,3,0,1
BRDA:19,4,0,19
BRDA:34,5,0,2
BRDA:34,6,0,18
BRDA:37,7,0,5
BRDA:39,8,0,18
BRDA:41,9,0,13
BRDA:42,10,0,1
BRF:11
BRH:11
end_of_record
TN:
SF:src\translate.ts
FN:9,exports.translate
FNF:1
FNH:1
FNDA:9,exports.translate
DA:1,1
DA:2,1
DA:3,1
DA:4,1
DA:5,1
DA:6,1
DA:7,1
DA:8,1
DA:9,1
DA:10,9
DA:11,9
DA:12,9
DA:13,9
DA:14,9
DA:15,9
DA:16,9
DA:17,9
DA:18,9
DA:19,9
DA:20,7
DA:21,9
DA:22,1
DA:23,1
DA:24,1
DA:25,1
DA:26,6
DA:27,6
DA:28,6
DA:29,9
DA:30,0
DA:31,0
DA:32,0
DA:33,0
DA:34,0
DA:35,0
DA:36,0
DA:37,9
DA:38,6
DA:39,9
DA:40,3
DA:41,3
DA:42,3
DA:43,3
DA:44,3
DA:45,3
DA:46,6
DA:47,9
DA:48,9
DA:49,1
DA:50,1
DA:51,1
DA:52,1
DA:53,1
DA:54,1
DA:55,1
DA:56,1
LF:56
LH:49
BRDA:56,0,0,5
BRDA:9,1,0,9
BRDA:19,2,0,1
BRDA:19,3,0,7
BRDA:21,4,0,1
BRDA:23,5,0,0
BRDA:25,6,0,6
BRDA:29,7,0,0
BRDA:37,8,0,6
BRDA:39,9,0,3
BRDA:45,10,0,6
BRDA:47,11,0,4
BRDA:47,12,0,3
BRDA:47,13,0,3
BRF:14
BRH:12
end_of_record
TN:
SF:src\tryUseBrowserLanguage.ts
FN:7,exports.tryUseBrowserLanguage
FNF:1
FNH:1
FNDA:5,exports.tryUseBrowserLanguage
DA:1,1
DA:2,1
DA:3,1
DA:4,1
DA:5,1
DA:6,1
DA:7,1
DA:8,5
DA:9,5
DA:10,5
DA:11,5
DA:12,5
DA:13,5
DA:14,5
DA:15,5
DA:16,0
DA:17,0
DA:18,0
DA:19,5
DA:20,5
DA:21,5
DA:22,5
DA:23,5
DA:24,8
DA:25,5
DA:26,5
DA:27,5
DA:28,5
DA:29,3
DA:30,3
DA:31,3
DA:32,3
DA:33,3
DA:34,3
DA:35,2
DA:36,2
DA:37,2
DA:38,2
LF:38
LH:35
BRDA:38,0,0,5
BRDA:7,1,0,5
BRDA:15,2,0,0
BRDA:28,3,0,3
BRDA:34,4,0,2
BRDA:23,5,0,8
BRDA:24,6,0,7
BRF:7
BRH:6
end_of_record
TN:
SF:src\utils.ts
FN:2,exports._checkInit
FN:12,exports.getDictionary
FN:24,exports.getAvailableLanguages
FN:33,exports.setLanguage
FN:45,exports.setOptions
FNF:5
FNH:4
FNDA:43,exports._checkInit
FNDA:23,exports.getDictionary
FNDA:0,exports.getAvailableLanguages
FNDA:2,exports.setLanguage
FNDA:4,exports.setOptions
DA:1,1
DA:2,1
DA:3,43
DA:4,43
DA:5,43
DA:6,1
DA:7,1
DA:8,1
DA:9,1
DA:10,1
DA:11,1
DA:12,1
DA:13,23
DA:14,23
DA:15,23
DA:16,23
DA:17,23
DA:18,23
DA:19,1
DA:20,1
DA:21,1
DA:22,1
DA:23,1
DA:24,1
DA:25,0
DA:26,0
DA:27,0
DA:28,1
DA:29,1
DA:30,1
DA:31,1
DA:32,1
DA:33,1
DA:34,2
DA:35,2
DA:36,2
DA:37,2
DA:38,2
DA:39,2
DA:40,1
DA:41,1
DA:42,1
DA:43,1
DA:44,1
DA:45,1
DA:46,4
DA:47,4
DA:48,4
DA:49,4
DA:50,4
DA:51,1
DA:52,1
DA:53,4
DA:54,4
DA:55,4
DA:56,4
LF:56
LH:53
BRDA:56,0,0,5
BRDA:2,1,0,43
BRDA:4,2,0,0
BRDA:12,3,0,23
BRDA:16,4,0,28
BRDA:33,5,0,2
BRDA:38,6,0,0
BRDA:45,7,0,4
BRDA:49,8,0,4
BRDA:50,9,0,1
BRF:10
BRH:8
end_of_record
