TN:
SF:src\index.ts
FN:25,__export
FNF:1
FNH:1
FNDA:20,__export
DA:1,1
DA:2,1
DA:3,1
DA:4,1
DA:5,1
DA:6,1
DA:7,1
DA:8,1
DA:9,1
DA:10,1
DA:11,1
DA:12,1
DA:13,1
DA:14,1
DA:15,1
DA:16,1
DA:17,1
DA:18,1
DA:19,1
DA:20,1
DA:21,1
DA:22,1
DA:23,1
DA:24,1
DA:25,1
LF:25
LH:25
BRDA:25,0,0,5
BRDA:25,1,0,20
BRDA:25,2,0,41
BRF:3
BRH:3
end_of_record
TN:
SF:src\initTranslator.ts
FN:17,exports.initTranslator
FNF:1
FNH:1
FNDA:21,exports.initTranslator
DA:1,1
DA:2,1
DA:3,1
DA:4,1
DA:5,1
DA:6,1
DA:7,1
DA:8,1
DA:9,1
DA:10,1
DA:11,1
DA:12,1
DA:13,1
DA:14,1
DA:15,1
DA:16,1
DA:17,1
DA:18,21
DA:19,21
DA:20,20
DA:21,20
DA:22,20
DA:23,20
DA:24,20
DA:25,20
DA:26,20
DA:27,20
DA:28,20
DA:29,20
DA:30,20
DA:31,20
DA:32,20
DA:33,20
DA:34,21
DA:35,19
DA:36,21
DA:37,21
DA:38,6
DA:39,6
DA:40,19
DA:41,21
DA:42,21
DA:43,1
DA:44,1
DA:45,21
LF:45
LH:45
BRDA:45,0,0,5
BRDA:17,1,0,21
BRDA:18,2,0,1
BRDA:19,3,0,1
BRDA:19,4,0,20
BRDA:34,5,0,2
BRDA:34,6,0,19
BRDA:37,7,0,6
BRDA:39,8,0,19
BRDA:41,9,0,13
BRDA:42,10,0,1
BRF:11
BRH:11
end_of_record
TN:
SF:src\translate.ts
FN:9,exports.translate
FNF:1
FNH:1
FNDA:10,exports.translate
DA:1,1
DA:2,1
DA:3,1
DA:4,1
DA:5,1
DA:6,1
DA:7,1
DA:8,1
DA:9,1
DA:10,10
DA:11,10
DA:12,10
DA:13,10
DA:14,10
DA:15,10
DA:16,10
DA:17,10
DA:18,10
DA:19,10
DA:20,8
DA:21,10
DA:22,2
DA:23,2
DA:24,2
DA:25,2
DA:26,2
DA:27,6
DA:28,6
DA:29,6
DA:30,10
DA:31,0
DA:32,0
DA:33,0
DA:34,0
DA:35,0
DA:36,0
DA:37,0
DA:38,10
DA:39,6
DA:40,10
DA:41,3
DA:42,3
DA:43,3
DA:44,3
DA:45,3
DA:46,3
DA:47,6
DA:48,10
DA:49,10
DA:50,1
DA:51,1
DA:52,1
DA:53,1
DA:54,1
DA:55,1
DA:56,1
DA:57,1
LF:57
LH:50
BRDA:57,0,0,5
BRDA:9,1,0,10
BRDA:19,2,0,1
BRDA:19,3,0,8
BRDA:21,4,0,2
BRDA:24,5,0,0
BRDA:26,6,0,6
BRDA:30,7,0,0
BRDA:38,8,0,6
BRDA:40,9,0,3
BRDA:46,10,0,6
BRDA:48,11,0,4
BRDA:48,12,0,3
BRDA:48,13,0,3
BRF:14
BRH:12
end_of_record
TN:
SF:src\tryUseBrowserLanguage.ts
FN:7,exports.tryUseBrowserLanguage
FNF:1
FNH:1
FNDA:5,exports.tryUseBrowserLanguage
DA:1,1
DA:2,1
DA:3,1
DA:4,1
DA:5,1
DA:6,1
DA:7,1
DA:8,5
DA:9,5
DA:10,5
DA:11,5
DA:12,5
DA:13,5
DA:14,5
DA:15,5
DA:16,0
DA:17,0
DA:18,0
DA:19,5
DA:20,5
DA:21,5
DA:22,5
DA:23,5
DA:24,5
DA:25,5
DA:26,5
DA:27,3
DA:28,3
DA:29,3
DA:30,3
DA:31,2
DA:32,2
DA:33,2
DA:34,2
LF:34
LH:31
BRDA:34,0,0,5
BRDA:7,1,0,5
BRDA:15,2,0,0
BRDA:26,3,0,3
BRDA:30,4,0,2
BRDA:23,5,0,8
BRDA:23,6,0,7
BRF:7
BRH:6
end_of_record
TN:
SF:src\utils.ts
FN:2,exports._checkInit
FN:12,exports.getDictionary
FN:21,exports.getAvailableLanguages
FN:30,exports.setLanguage
FN:42,exports.setOptions
FNF:5
FNH:4
FNDA:45,exports._checkInit
FNDA:24,exports.getDictionary
FNDA:0,exports.getAvailableLanguages
FNDA:2,exports.setLanguage
FNDA:4,exports.setOptions
DA:1,1
DA:2,1
DA:3,45
DA:4,45
DA:5,45
DA:6,1
DA:7,1
DA:8,1
DA:9,1
DA:10,1
DA:11,1
DA:12,1
DA:13,24
DA:14,24
DA:15,24
DA:16,1
DA:17,1
DA:18,1
DA:19,1
DA:20,1
DA:21,1
DA:22,0
DA:23,0
DA:24,0
DA:25,1
DA:26,1
DA:27,1
DA:28,1
DA:29,1
DA:30,1
DA:31,2
DA:32,2
DA:33,2
DA:34,2
DA:35,2
DA:36,2
DA:37,1
DA:38,1
DA:39,1
DA:40,1
DA:41,1
DA:42,1
DA:43,4
DA:44,4
DA:45,4
DA:46,4
DA:47,4
DA:48,1
DA:49,1
DA:50,4
DA:51,4
DA:52,4
DA:53,4
LF:53
LH:50
BRDA:53,0,0,5
BRDA:2,1,0,45
BRDA:4,2,0,0
BRDA:12,3,0,24
BRDA:14,4,0,28
BRDA:30,5,0,2
BRDA:35,6,0,0
BRDA:42,7,0,4
BRDA:46,8,0,4
BRDA:47,9,0,1
BRF:10
BRH:8
end_of_record
